app/build/intermediates/manifest_merge_blame_file/debug/manifest-merger-blame-debug-report.txt
1<?xml version="1.0" encoding="utf-8"?>
2<manifest xmlns:android="http://schemas.android.com/apk/res/android"
3    package="com.example.safezone"
4    android:versionCode="1"
5    android:versionName="1.0" >
6
7    <uses-sdk
8        android:minSdkVersion="24"
8-->src\main\AndroidManifest.xml
9        android:targetSdkVersion="30" />
9-->src\main\AndroidManifest.xml
10
11    <!--
12         The ACCESS_COARSE/FINE_LOCATION permissions are not required to use
13         Google Maps Android API v2, but you must specify either coarse or fine
14         location permissions for the "MyLocation" functionality.
15    -->
16    <uses-permission android:name="android.permission.ACCESS_FINE_LOCATION" />
16-->src\main\AndroidManifest.xml:10:5-79
16-->src\main\AndroidManifest.xml:10:22-76
17    <uses-permission android:name="com.google.android.providers.gsf.permission.READ_GSERVICES" />
17-->src\main\AndroidManifest.xml:11:5-98
17-->src\main\AndroidManifest.xml:11:22-95
18    <uses-permission android:name="android.permission.ACCESS_COARSE_LOCATION" />
18-->src\main\AndroidManifest.xml:12:5-81
18-->src\main\AndroidManifest.xml:12:22-78
19    <uses-permission android:name="android.permission.INTERNET" />
19-->src\main\AndroidManifest.xml:13:5-67
19-->src\main\AndroidManifest.xml:13:22-64
20    <uses-permission android:name="android.permission.ACCESS_COARSE_LOCATION" />
20-->src\main\AndroidManifest.xml:12:5-81
20-->src\main\AndroidManifest.xml:12:22-78
21    <uses-permission android:name="android.permission.ACCESS_NETWORK_STATE" />
21-->src\main\AndroidManifest.xml:15:5-79
21-->src\main\AndroidManifest.xml:15:22-76
22    <uses-permission android:name="android.permission.CALL_PHONE" />
22-->src\main\AndroidManifest.xml:16:5-69
22-->src\main\AndroidManifest.xml:16:22-66
23
24    <!-- Maps API needs OpenGL ES 2.0. -->
25    <uses-feature
25-->[com.google.android.libraries.maps:maps:3.1.0-beta] AndroidManifest.xml:15:3-17:30
26        android:glEsVersion="0x00020000"
26-->[com.google.android.libraries.maps:maps:3.1.0-beta] AndroidManifest.xml:16:5-37
27        android:required="true" />
27-->[com.google.android.libraries.maps:maps:3.1.0-beta] AndroidManifest.xml:17:5-28
28
29    <uses-permission android:name="android.permission.ACCESS_WIFI_STATE" />
29-->[com.google.android.libraries.places:places:2.2.0] AndroidManifest.xml:10:5-76
29-->[com.google.android.libraries.places:places:2.2.0] AndroidManifest.xml:10:22-73
30
31    <application
31-->src\main\AndroidManifest.xml:18:5-71:19
32        android:allowBackup="true"
32-->src\main\AndroidManifest.xml:19:9-35
33        android:appComponentFactory="androidx.core.app.CoreComponentFactory"
33-->[androidx.core:core:1.3.1] AndroidManifest.xml:24:18-86
34        android:debuggable="true"
35        android:extractNativeLibs="false"
36        android:icon="@mipmap/ic_launcher"
36-->src\main\AndroidManifest.xml:20:9-43
37        android:label="@string/app_name"
37-->src\main\AndroidManifest.xml:21:9-41
38        android:roundIcon="@mipmap/ic_launcher_round"
38-->src\main\AndroidManifest.xml:22:9-54
39        android:supportsRtl="true"
39-->src\main\AndroidManifest.xml:23:9-35
40        android:testOnly="true" >
41
42        <!--
43             The API key for Google Maps-based APIs is defined as a string resource.
44             (See the file "res/values/google_maps_api.xml").
45             Note that the API key is linked to the encryption key used to sign the APK.
46             You need a different API key for each encryption key, including the release key that is used to
47             sign the APK for publishing.
48             You can define the keys for the debug and release targets in src/debug/ and src/release/.
49        -->
50        <meta-data
50-->src\main\AndroidManifest.xml:34:9-36:71
51            android:name="com.google.android.geo.API_KEY"
51-->src\main\AndroidManifest.xml:35:13-58
52            android:value="AIzaSyAOYtbu4H2WDcIq_AYbMmk_CRY2qbj4iV4" />
52-->src\main\AndroidManifest.xml:36:13-68
53
54        <activity
54-->src\main\AndroidManifest.xml:38:9-41:68
55            android:name="com.example.safezone.MapsActivity"
55-->src\main\AndroidManifest.xml:40:13-41
56            android:label="@string/title_activity_maps"
56-->src\main\AndroidManifest.xml:41:13-56
57            android:theme="@style/Theme.AppCompat.Light.NoActionBar" />
57-->src\main\AndroidManifest.xml:39:13-69
58        <activity
58-->src\main\AndroidManifest.xml:42:9-44:15
59            android:name="com.example.safezone.displayPlaces"
59-->src\main\AndroidManifest.xml:42:19-48
60            android:theme="@style/Theme.AppCompat.Light.NoActionBar" />
60-->src\main\AndroidManifest.xml:43:13-69
61        <activity
61-->src\main\AndroidManifest.xml:45:9-46:71
62            android:name="com.example.safezone.pharmacy_search_activity"
62-->src\main\AndroidManifest.xml:45:19-59
63            android:theme="@style/Theme.AppCompat.Light.NoActionBar" />
63-->src\main\AndroidManifest.xml:46:13-69
64        <activity
64-->src\main\AndroidManifest.xml:47:9-49:15
65            android:name="com.example.safezone.HomePage"
65-->src\main\AndroidManifest.xml:47:19-43
66            android:theme="@style/Theme.AppCompat.Light.NoActionBar" />
66-->src\main\AndroidManifest.xml:48:13-69
67        <activity
67-->src\main\AndroidManifest.xml:50:9-52:15
68            android:name="com.example.safezone.registerActivity"
68-->src\main\AndroidManifest.xml:50:19-51
69            android:theme="@style/Theme.AppCompat.Light.NoActionBar" />
69-->src\main\AndroidManifest.xml:51:13-69
70        <activity
70-->src\main\AndroidManifest.xml:53:9-55:15
71            android:name="com.example.safezone.loginActivity"
71-->src\main\AndroidManifest.xml:53:19-48
72            android:theme="@style/Theme.AppCompat.Light.NoActionBar" />
72-->src\main\AndroidManifest.xml:54:13-69
73        <activity
73-->src\main\AndroidManifest.xml:56:9-70:20
74            android:name="com.example.safezone.MainActivity"
74-->src\main\AndroidManifest.xml:56:19-47
75            android:theme="@style/Theme.AppCompat.Light.NoActionBar" >
75-->src\main\AndroidManifest.xml:57:13-69
76            <meta-data
76-->src\main\AndroidManifest.xml:34:9-36:71
77                android:name="com.google.android.geo.API_KEY"
77-->src\main\AndroidManifest.xml:35:13-58
78                android:value="AIzaSyAOYtbu4H2WDcIq_AYbMmk_CRY2qbj4iV4" />
78-->src\main\AndroidManifest.xml:36:13-68
79            <meta-data
79-->src\main\AndroidManifest.xml:61:13-63:73
80                android:name="com.google.android.gms.version"
80-->src\main\AndroidManifest.xml:62:17-62
81                android:value="@integer/google_play_services_version" />
81-->src\main\AndroidManifest.xml:63:17-70
82
83            <intent-filter>
83-->src\main\AndroidManifest.xml:65:13-69:29
84                <action android:name="android.intent.action.MAIN" />
84-->src\main\AndroidManifest.xml:66:17-69
84-->src\main\AndroidManifest.xml:66:25-66
85
86                <category android:name="android.intent.category.LAUNCHER" />
86-->src\main\AndroidManifest.xml:68:17-77
86-->src\main\AndroidManifest.xml:68:27-74
87            </intent-filter>
88        </activity>
89        <!-- Required for Android P onwards. -->
90        <uses-library
90-->[com.google.android.libraries.maps:maps:3.1.0-beta] AndroidManifest.xml:20:7-86
91            android:name="org.apache.http.legacy"
91-->[com.google.android.libraries.maps:maps:3.1.0-beta] AndroidManifest.xml:20:21-58
92            android:required="false" />
92-->[com.google.android.libraries.maps:maps:3.1.0-beta] AndroidManifest.xml:20:59-83
93
94        <activity
94-->[com.google.android.libraries.places:places:2.2.0] AndroidManifest.xml:14:9-20:20
95            android:name="com.google.android.libraries.places.widget.AutocompleteActivity"
95-->[com.google.android.libraries.places:places:2.2.0] AndroidManifest.xml:15:13-91
96            android:exported="false"
96-->[com.google.android.libraries.places:places:2.2.0] AndroidManifest.xml:16:13-37
97            android:label="@string/places_autocomplete_label"
97-->[com.google.android.libraries.places:places:2.2.0] AndroidManifest.xml:17:13-62
98            android:theme="@style/PlacesAutocompleteOverlay"
98-->[com.google.android.libraries.places:places:2.2.0] AndroidManifest.xml:18:13-61
99            android:windowSoftInputMode="adjustResize" >
99-->[com.google.android.libraries.places:places:2.2.0] AndroidManifest.xml:19:13-55
100        </activity>
101
102        <service
102-->[com.google.firebase:firebase-database:19.6.0] AndroidManifest.xml:29:9-35:19
103            android:name="com.google.firebase.components.ComponentDiscoveryService"
103-->[com.google.firebase:firebase-database:19.6.0] AndroidManifest.xml:30:13-84
104            android:directBootAware="true"
104-->[com.google.firebase:firebase-common:19.5.0] AndroidManifest.xml:35:13-43
105            android:exported="false" >
105-->[com.google.firebase:firebase-database:19.6.0] AndroidManifest.xml:31:13-37
106            <meta-data
106-->[com.google.firebase:firebase-database:19.6.0] AndroidManifest.xml:32:13-34:85
107                android:name="com.google.firebase.components:com.google.firebase.database.DatabaseRegistrar"
107-->[com.google.firebase:firebase-database:19.6.0] AndroidManifest.xml:33:17-109
108                android:value="com.google.firebase.components.ComponentRegistrar" />
108-->[com.google.firebase:firebase-database:19.6.0] AndroidManifest.xml:34:17-82
109            <!--
110                This registrar is not defined in the dynamic-module-support sdk itself to allow non-firebase
111                clients to use it as well, by defining this registrar in their own core/common library.
112            -->
113            <meta-data
113-->[com.google.firebase:firebase-common:19.5.0] AndroidManifest.xml:43:13-45:85
114                android:name="com.google.firebase.components:com.google.firebase.dynamicloading.DynamicLoadingRegistrar"
114-->[com.google.firebase:firebase-common:19.5.0] AndroidManifest.xml:44:17-121
115                android:value="com.google.firebase.components.ComponentRegistrar" />
115-->[com.google.firebase:firebase-common:19.5.0] AndroidManifest.xml:45:17-82
116        </service>
117
118        <activity
118-->[com.google.android.gms:play-services-base:17.3.0] AndroidManifest.xml:23:9-26:75
119            android:name="com.google.android.gms.common.api.GoogleApiActivity"
119-->[com.google.android.gms:play-services-base:17.3.0] AndroidManifest.xml:24:13-79
120            android:exported="false"
120-->[com.google.android.gms:play-services-base:17.3.0] AndroidManifest.xml:25:13-37
121            android:theme="@android:style/Theme.Translucent.NoTitleBar" />
121-->[com.google.android.gms:play-services-base:17.3.0] AndroidManifest.xml:26:13-72
122
123        <provider
123-->[com.google.firebase:firebase-common:19.5.0] AndroidManifest.xml:26:9-31:39
124            android:name="com.google.firebase.provider.FirebaseInitProvider"
124-->[com.google.firebase:firebase-common:19.5.0] AndroidManifest.xml:27:13-77
125            android:authorities="com.example.safezone.firebaseinitprovider"
125-->[com.google.firebase:firebase-common:19.5.0] AndroidManifest.xml:28:13-72
126            android:directBootAware="true"
126-->[com.google.firebase:firebase-common:19.5.0] AndroidManifest.xml:29:13-43
127            android:exported="false"
127-->[com.google.firebase:firebase-common:19.5.0] AndroidManifest.xml:30:13-37
128            android:initOrder="100" />
128-->[com.google.firebase:firebase-common:19.5.0] AndroidManifest.xml:31:13-36
129
130        <meta-data
130-->src\main\AndroidManifest.xml:61:13-63:73
131            android:name="com.google.android.gms.version"
131-->src\main\AndroidManifest.xml:62:17-62
132            android:value="@integer/google_play_services_version" />
132-->src\main\AndroidManifest.xml:63:17-70
133
134        <service
134-->[com.google.android.datatransport:transport-backend-cct:2.1.0] AndroidManifest.xml:29:9-35:19
135            android:name="com.google.android.datatransport.runtime.backends.TransportBackendDiscovery"
135-->[com.google.android.datatransport:transport-backend-cct:2.1.0] AndroidManifest.xml:30:13-103
136            android:exported="false" >
136-->[com.google.android.datatransport:transport-backend-cct:2.1.0] AndroidManifest.xml:31:13-37
137            <meta-data
137-->[com.google.android.datatransport:transport-backend-cct:2.1.0] AndroidManifest.xml:32:13-34:39
138                android:name="backend:com.google.android.datatransport.cct.CctBackendFactory"
138-->[com.google.android.datatransport:transport-backend-cct:2.1.0] AndroidManifest.xml:33:17-94
139                android:value="cct" />
139-->[com.google.android.datatransport:transport-backend-cct:2.1.0] AndroidManifest.xml:34:17-36
140        </service>
141        <service
141-->[com.google.android.datatransport:transport-runtime:2.1.0] AndroidManifest.xml:26:9-30:19
142            android:name="com.google.android.datatransport.runtime.scheduling.jobscheduling.JobInfoSchedulerService"
142-->[com.google.android.datatransport:transport-runtime:2.1.0] AndroidManifest.xml:27:13-117
143            android:exported="false"
143-->[com.google.android.datatransport:transport-runtime:2.1.0] AndroidManifest.xml:28:13-37
144            android:permission="android.permission.BIND_JOB_SERVICE" >
144-->[com.google.android.datatransport:transport-runtime:2.1.0] AndroidManifest.xml:29:13-69
145        </service>
146
147        <receiver
147-->[com.google.android.datatransport:transport-runtime:2.1.0] AndroidManifest.xml:32:9-34:40
148            android:name="com.google.android.datatransport.runtime.scheduling.jobscheduling.AlarmManagerSchedulerBroadcastReceiver"
148-->[com.google.android.datatransport:transport-runtime:2.1.0] AndroidManifest.xml:33:13-132
149            android:exported="false" />
149-->[com.google.android.datatransport:transport-runtime:2.1.0] AndroidManifest.xml:34:13-37
150
151        <provider
151-->[androidx.lifecycle:lifecycle-process:2.1.0] AndroidManifest.xml:23:9-27:43
152            android:name="androidx.lifecycle.ProcessLifecycleOwnerInitializer"
152-->[androidx.lifecycle:lifecycle-process:2.1.0] AndroidManifest.xml:24:13-79
153            android:authorities="com.example.safezone.lifecycle-process"
153-->[androidx.lifecycle:lifecycle-process:2.1.0] AndroidManifest.xml:25:13-69
154            android:exported="false"
154-->[androidx.lifecycle:lifecycle-process:2.1.0] AndroidManifest.xml:26:13-37
155            android:multiprocess="true" />
155-->[androidx.lifecycle:lifecycle-process:2.1.0] AndroidManifest.xml:27:13-40
156    </application>
157
158</manifest>